<?xml version="1.0" encoding="UTF-8"?>
<!-- Generated by org.testng.reporters.JUnitXMLReporter -->
<testsuite ignored="0" hostname="Hemants-MBP" failures="0" tests="3" name="Default test" time="31.561" errors="0" timestamp="2024-09-18T12:06:54 GST">
  <testcase classname="Tests.SubscriptionTests" name="testCasesforBahrain" time="3.46"/>
  <testcase classname="Tests.SubscriptionTests" name="testCasesforKuwait" time="3.28"/>
  <testcase classname="Tests.SubscriptionTests" name="testCasesforSaudi" time="1.868"/>
</testsuite> <!-- Default test -->
