<?xml version="1.0" encoding="UTF-8"?>
<testng-results ignored="0" total="3" passed="3" failed="0" skipped="0">
  <reporter-output>
  </reporter-output>
  <suite started-at="2024-09-18T12:06:22 GST" name="Default suite" finished-at="2024-09-18T12:06:54 GST" duration-ms="31561">
    <groups>
    </groups>
    <test started-at="2024-09-18T12:06:22 GST" name="Default test" finished-at="2024-09-18T12:06:54 GST" duration-ms="31561">
      <class name="Tests.SubscriptionTests">
        <test-method is-config="true" signature="setUp()[pri:0, instance:Tests.SubscriptionTests@36c88a32]" started-at="2024-09-18T12:06:22 GST" name="setUp" finished-at="2024-09-18T12:06:32 GST" duration-ms="10464" status="PASS">
          <reporter-output>
          </reporter-output>
        </test-method> <!-- setUp -->
        <test-method signature="testCasesforBahrain()[pri:0, instance:Tests.SubscriptionTests@36c88a32]" started-at="2024-09-18T12:06:32 GST" name="testCasesforBahrain" finished-at="2024-09-18T12:06:36 GST" duration-ms="3460" status="PASS">
          <reporter-output>
          </reporter-output>
        </test-method> <!-- testCasesforBahrain -->
        <test-method is-config="true" signature="tearDown()[pri:0, instance:Tests.SubscriptionTests@36c88a32]" started-at="2024-09-18T12:06:36 GST" name="tearDown" finished-at="2024-09-18T12:06:36 GST" duration-ms="103" status="PASS">
          <reporter-output>
          </reporter-output>
        </test-method> <!-- tearDown -->
        <test-method is-config="true" signature="setUp()[pri:0, instance:Tests.SubscriptionTests@36c88a32]" started-at="2024-09-18T12:06:36 GST" name="setUp" finished-at="2024-09-18T12:06:42 GST" duration-ms="6260" status="PASS">
          <reporter-output>
          </reporter-output>
        </test-method> <!-- setUp -->
        <test-method signature="testCasesforKuwait()[pri:0, instance:Tests.SubscriptionTests@36c88a32]" started-at="2024-09-18T12:06:42 GST" name="testCasesforKuwait" finished-at="2024-09-18T12:06:46 GST" duration-ms="3280" status="PASS">
          <reporter-output>
          </reporter-output>
        </test-method> <!-- testCasesforKuwait -->
        <test-method is-config="true" signature="tearDown()[pri:0, instance:Tests.SubscriptionTests@36c88a32]" started-at="2024-09-18T12:06:46 GST" name="tearDown" finished-at="2024-09-18T12:06:46 GST" duration-ms="96" status="PASS">
          <reporter-output>
          </reporter-output>
        </test-method> <!-- tearDown -->
        <test-method is-config="true" signature="setUp()[pri:0, instance:Tests.SubscriptionTests@36c88a32]" started-at="2024-09-18T12:06:46 GST" name="setUp" finished-at="2024-09-18T12:06:52 GST" duration-ms="5923" status="PASS">
          <reporter-output>
          </reporter-output>
        </test-method> <!-- setUp -->
        <test-method signature="testCasesforSaudi()[pri:0, instance:Tests.SubscriptionTests@36c88a32]" started-at="2024-09-18T12:06:52 GST" name="testCasesforSaudi" finished-at="2024-09-18T12:06:53 GST" duration-ms="1868" status="PASS">
          <reporter-output>
          </reporter-output>
        </test-method> <!-- testCasesforSaudi -->
        <test-method is-config="true" signature="tearDown()[pri:0, instance:Tests.SubscriptionTests@36c88a32]" started-at="2024-09-18T12:06:53 GST" name="tearDown" finished-at="2024-09-18T12:06:54 GST" duration-ms="91" status="PASS">
          <reporter-output>
          </reporter-output>
        </test-method> <!-- tearDown -->
      </class> <!-- Tests.SubscriptionTests -->
    </test> <!-- Default test -->
  </suite> <!-- Default suite -->
</testng-results>
